2018-08-15T10:19:00.486+0800 | INFO  | detonator | Service home dir is: "/opt/ocean-doc"
2018-08-15T10:19:00.487+0800 | INFO  | detonator | Set conf dir: /opt/ocean-doc/conf
2018-08-15T10:19:00.491+0800 | INFO  | detonator | Set MAIN_CLASS from service.properties "com.douyu.ocean.Application"
2018-08-15T10:19:00.492+0800 | INFO  | detonator | Set SERVICE_NAME from param "ocean-doc"
2018-08-15T10:19:00.772+0800 | INFO  | detonator | Set service id from container id: 10f8d6f02955
2018-08-15T10:19:00.774+0800 | INFO  | detonator | Start log dir election, the election rule is: /mnt/sd*/ocean-logs
2018-08-15T10:19:00.932+0800 | INFO  | detonator | Add candidate log dir: "/mnt/sdb/ocean-logs"
2018-08-15T10:19:00.933+0800 | INFO  | detonator | Pick log dir in candidate log dirs: /mnt/sdb/ocean-logs
2018-08-15T10:19:00.937+0800 | INFO  | detonator | Service log dir: /mnt/sdb/ocean-logs/ocean-doc/10f8d6f02955
2018-08-15T10:19:00.943+0800 | INFO  | detonator | Create symlink from target "/opt/ocean-doc/logs/ocean-doc/10f8d6f02955", to link "/opt/ocean-doc/logs/ocean-doc/"
2018-08-15T10:19:00.946+0800 | INFO  | detonator | Set classpath from default: /opt/ocean-doc/lib:/opt/ocean-doc/lib/*
2018-08-15T10:19:00.947+0800 | INFO  | detonator | Start init Overwatch agent
2018-08-15T10:19:01.187+0800 | INFO  | detonator | Local overwatch agent "skyeye-agent-1.0.7.jar" exists, ignore download
2018-08-15T10:19:01.188+0800 | INFO  | detonator | Use local overwatch agent: skyeye-agent-1.0.7.jar
2018-08-15T10:19:01.189+0800 | INFO  | detonator | Create tmp java.io.tmpdir "/opt/ocean-doc/tmp/ocean-doc/10f8d6f02955"
2018-08-15T10:19:01.306+0800 | INFO  | detonator | Service java opts: 
-Dapp.mode=production        
-Dapp.path=/opt/ocean-doc        
-Dapp.service=ocean-doc        
-Ddebug.mode=false        
-Docean.service.name=ocean-doc        
-Docean.service.id=10f8d6f02955        
-Docean.home.dir=/opt/ocean-doc        
-Docean.log.dir=/mnt/sdb/ocean-logs/ocean-doc/10f8d6f02955        
-Djava.io.tmpdir=/opt/ocean-doc/tmp/ocean-doc/10f8d6f02955        
-Dlog4j.configurationFile=/opt/ocean-doc/conf/log4j2.xml        
-Dlogging.config=/opt/ocean-doc/conf/log4j2.xml            
-XX:+ExitOnOutOfMemoryError
-Xms512m
-Xmx2g
-XX:+UseConcMarkSweepGC
-XX:CMSInitiatingOccupancyFraction=75
-XX:+UseCMSInitiatingOccupancyOnly
-XX:+DisableExplicitGC
-XX:+AlwaysPreTouch
-server
-Xss1m
-Djava.awt.headless=true
-Dfile.encoding=UTF-8
-Djna.nosys=true
-Djdk.io.permissionsUseCanonicalPath=true
-Dlog4j.shutdownHookEnabled=false
-Dlog4j2.disable.jmx=true
-Dlog4j.skipJansi=true
-XX:+HeapDumpOnOutOfMemoryError
-XX:HeapDumpPath=/mnt/sdb/ocean-logs/ocean-doc/10f8d6f02955
-XX:ErrorFile=/mnt/sdb/ocean-logs/ocean-doc/10f8d6f02955/hs_err_%p.20180815101901.log
-XX:+PrintGCDetails
-XX:+PrintGCTimeStamps
-XX:+PrintGCDateStamps
-Xloggc:/mnt/sdb/ocean-logs/ocean-doc/10f8d6f02955/gc/gc.20180815101901.log
-XX:+UseGCLogFileRotation
-XX:NumberOfGCLogFiles=5
-XX:GCLogFileSize=10M
-Djava.net.preferIPv4Stack=true
-XX:-OmitStackTraceInFastThrow
-XX:+PrintCommandLineFlags   
-Dapp.mode=ocean
-Xms512m
-Xmx512m
-Dapp.port=0
-Dproject=ocean-doc
2018-08-15T10:19:01.312+0800 | INFO  | detonator | Service start command: /opt/jdk/bin/java -cp /opt/ocean-doc/lib:/opt/ocean-doc/lib/* -Dapp.mode=production         -Dapp.path=/opt/ocean-doc         -Dapp.service=ocean-doc         -Ddebug.mode=false         -Docean.service.name=ocean-doc         -Docean.service.id=10f8d6f02955         -Docean.home.dir=/opt/ocean-doc         -Docean.log.dir=/mnt/sdb/ocean-logs/ocean-doc/10f8d6f02955         -Djava.io.tmpdir=/opt/ocean-doc/tmp/ocean-doc/10f8d6f02955         -Dlog4j.configurationFile=/opt/ocean-doc/conf/log4j2.xml         -Dlogging.config=/opt/ocean-doc/conf/log4j2.xml             -XX:+ExitOnOutOfMemoryError -Xms512m -Xmx2g -XX:+UseConcMarkSweepGC -XX:CMSInitiatingOccupancyFraction=75 -XX:+UseCMSInitiatingOccupancyOnly -XX:+DisableExplicitGC -XX:+AlwaysPreTouch -server -Xss1m -Djava.awt.headless=true -Dfile.encoding=UTF-8 -Djna.nosys=true -Djdk.io.permissionsUseCanonicalPath=true -Dlog4j.shutdownHookEnabled=false -Dlog4j2.disable.jmx=true -Dlog4j.skipJansi=true -XX:+HeapDumpOnOutOfMemoryError -XX:HeapDumpPath=/mnt/sdb/ocean-logs/ocean-doc/10f8d6f02955 -XX:ErrorFile=/mnt/sdb/ocean-logs/ocean-doc/10f8d6f02955/hs_err_%p.20180815101901.log -XX:+PrintGCDetails -XX:+PrintGCTimeStamps -XX:+PrintGCDateStamps -Xloggc:/mnt/sdb/ocean-logs/ocean-doc/10f8d6f02955/gc/gc.20180815101901.log -XX:+UseGCLogFileRotation -XX:NumberOfGCLogFiles=5 -XX:GCLogFileSize=10M -Djava.net.preferIPv4Stack=true -XX:-OmitStackTraceInFastThrow -XX:+PrintCommandLineFlags    -Dapp.mode=ocean -Xms512m -Xmx512m -Dapp.port=0 -Dproject=ocean-doc -javaagent:/opt/ocean-doc/plugins/skyeye/skyeye-agent-1.0.7.jar com.douyu.ocean.Application --server.port=0 &
2018-08-15T10:19:01.313+0800 | INFO  | detonator | Service starting, please wait...
2018-08-15T10:19:01.595+0800 | INFO  | detonator | Wait for service "ocean-doc" start...
2018-08-15T10:19:07.888+0800 | INFO  | detonator | Wait for service "ocean-doc" start...
2018-08-15T10:19:14.280+0800 | INFO  | detonator | Wait for service "ocean-doc" start...
2018-08-15T10:19:21.067+0800 | INFO  | detonator | Service start successful, pid:482
