2018-08-15T10:19:18.477+0800 | INFO  | N/A | N/A | main | third.org.eclipse.jetty.util.log.Log.initialized()_186: Logging initialized @17149ms
2018-08-15T10:19:19.762+0800 | INFO  | N/A | N/A | main | third.org.eclipse.jetty.server.Server.doStart()_327: jetty-9.2.z-SNAPSHOT
2018-08-15T10:19:19.977+0800 | INFO  | N/A | N/A | main | third.org.eclipse.jetty.server.handler.ContextHandler.doStart()_744: Started t.o.e.j.s.ServletContextHandler@24855019{/,null,AVAILABLE}
2018-08-15T10:19:20.080+0800 | WARN  | N/A | N/A | main | third.org.eclipse.jetty.util.component.AbstractLifeCycle.setFailed()_212: FAILED ServerConnector@5cbf9e9f{HTTP/1.1}{0.0.0.0:8828}: java.net.BindException: Address already in use java.net.BindException: Address already in use
	at sun.nio.ch.Net.bind0(Native Method) ~[?:1.8.0_144]
	at sun.nio.ch.Net.bind(Net.java:433) ~[?:1.8.0_144]
	at sun.nio.ch.Net.bind(Net.java:425) ~[?:1.8.0_144]
	at sun.nio.ch.ServerSocketChannelImpl.bind(ServerSocketChannelImpl.java:223) ~[?:1.8.0_144]
	at sun.nio.ch.ServerSocketAdaptor.bind(ServerSocketAdaptor.java:74) ~[?:1.8.0_144]
	at third.org.eclipse.jetty.server.ServerConnector.open(ServerConnector.java:321) ~[skyeye-agent-1.0.7.jar:?]
	at third.org.eclipse.jetty.server.AbstractNetworkConnector.doStart(AbstractNetworkConnector.java:80) ~[skyeye-agent-1.0.7.jar:?]
	at third.org.eclipse.jetty.server.ServerConnector.doStart(ServerConnector.java:236) ~[skyeye-agent-1.0.7.jar:?]
	at third.org.eclipse.jetty.util.component.AbstractLifeCycle.start(AbstractLifeCycle.java:68) [skyeye-agent-1.0.7.jar:?]
	at third.org.eclipse.jetty.server.Server.doStart(Server.java:366) [skyeye-agent-1.0.7.jar:?]
	at third.org.eclipse.jetty.util.component.AbstractLifeCycle.start(AbstractLifeCycle.java:68) [skyeye-agent-1.0.7.jar:?]
	at com.douyu.ocean.skyeye.core.server.SkyEyeServer.start(SkyEyeServer.java:62) [skyeye-agent-1.0.7.jar:?]
	at com.douyu.ocean.skyeye.core.server.WebServerService.boot(WebServerService.java:27) [skyeye-agent-1.0.7.jar:?]
	at com.douyu.ocean.skyeye.core.boot.ServiceManager.boot(ServiceManager.java:37) [skyeye-agent-1.0.7.jar:?]
	at com.douyu.ocean.skyeye.core.SkyEyeAgent.bootstrapServices(SkyEyeAgent.java:98) [skyeye-agent-1.0.7.jar:?]
	at com.douyu.ocean.skyeye.core.SkyEyeAgent.premain(SkyEyeAgent.java:56) [skyeye-agent-1.0.7.jar:?]
	at sun.reflect.NativeMethodAccessorImpl.invoke0(Native Method) ~[?:1.8.0_144]
	at sun.reflect.NativeMethodAccessorImpl.invoke(NativeMethodAccessorImpl.java:62) ~[?:1.8.0_144]
	at sun.reflect.DelegatingMethodAccessorImpl.invoke(DelegatingMethodAccessorImpl.java:43) ~[?:1.8.0_144]
	at java.lang.reflect.Method.invoke(Method.java:498) ~[?:1.8.0_144]
	at sun.instrument.InstrumentationImpl.loadClassAndStartAgent(InstrumentationImpl.java:386) [?:1.8.0_144]
	at sun.instrument.InstrumentationImpl.loadClassAndCallPremain(InstrumentationImpl.java:401) [?:1.8.0_144]

2018-08-15T10:19:20.092+0800 | WARN  | N/A | N/A | main | third.org.eclipse.jetty.util.component.AbstractLifeCycle.setFailed()_212: FAILED third.org.eclipse.jetty.server.Server@1cefc4b3: java.net.BindException: Address already in use java.net.BindException: Address already in use
	at sun.nio.ch.Net.bind0(Native Method) ~[?:1.8.0_144]
	at sun.nio.ch.Net.bind(Net.java:433) ~[?:1.8.0_144]
	at sun.nio.ch.Net.bind(Net.java:425) ~[?:1.8.0_144]
	at sun.nio.ch.ServerSocketChannelImpl.bind(ServerSocketChannelImpl.java:223) ~[?:1.8.0_144]
	at sun.nio.ch.ServerSocketAdaptor.bind(ServerSocketAdaptor.java:74) ~[?:1.8.0_144]
	at third.org.eclipse.jetty.server.ServerConnector.open(ServerConnector.java:321) ~[skyeye-agent-1.0.7.jar:?]
	at third.org.eclipse.jetty.server.AbstractNetworkConnector.doStart(AbstractNetworkConnector.java:80) ~[skyeye-agent-1.0.7.jar:?]
	at third.org.eclipse.jetty.server.ServerConnector.doStart(ServerConnector.java:236) ~[skyeye-agent-1.0.7.jar:?]
	at third.org.eclipse.jetty.util.component.AbstractLifeCycle.start(AbstractLifeCycle.java:68) [skyeye-agent-1.0.7.jar:?]
	at third.org.eclipse.jetty.server.Server.doStart(Server.java:366) ~[skyeye-agent-1.0.7.jar:?]
	at third.org.eclipse.jetty.util.component.AbstractLifeCycle.start(AbstractLifeCycle.java:68) [skyeye-agent-1.0.7.jar:?]
	at com.douyu.ocean.skyeye.core.server.SkyEyeServer.start(SkyEyeServer.java:62) [skyeye-agent-1.0.7.jar:?]
	at com.douyu.ocean.skyeye.core.server.WebServerService.boot(WebServerService.java:27) [skyeye-agent-1.0.7.jar:?]
	at com.douyu.ocean.skyeye.core.boot.ServiceManager.boot(ServiceManager.java:37) [skyeye-agent-1.0.7.jar:?]
	at com.douyu.ocean.skyeye.core.SkyEyeAgent.bootstrapServices(SkyEyeAgent.java:98) [skyeye-agent-1.0.7.jar:?]
	at com.douyu.ocean.skyeye.core.SkyEyeAgent.premain(SkyEyeAgent.java:56) [skyeye-agent-1.0.7.jar:?]
	at sun.reflect.NativeMethodAccessorImpl.invoke0(Native Method) ~[?:1.8.0_144]
	at sun.reflect.NativeMethodAccessorImpl.invoke(NativeMethodAccessorImpl.java:62) ~[?:1.8.0_144]
	at sun.reflect.DelegatingMethodAccessorImpl.invoke(DelegatingMethodAccessorImpl.java:43) ~[?:1.8.0_144]
	at java.lang.reflect.Method.invoke(Method.java:498) ~[?:1.8.0_144]
	at sun.instrument.InstrumentationImpl.loadClassAndStartAgent(InstrumentationImpl.java:386) [?:1.8.0_144]
	at sun.instrument.InstrumentationImpl.loadClassAndCallPremain(InstrumentationImpl.java:401) [?:1.8.0_144]

2018-08-15T10:19:20.155+0800 | INFO  | N/A | N/A | main | third.org.eclipse.jetty.server.Server.doStart()_327: jetty-9.2.z-SNAPSHOT
2018-08-15T10:19:20.290+0800 | INFO  | N/A | N/A | main | third.org.eclipse.jetty.server.AbstractConnector.doStart()_266: Started ServerConnector@5cbf9e9f{HTTP/1.1}{0.0.0.0:41123}
2018-08-15T10:19:20.291+0800 | INFO  | N/A | N/A | main | third.org.eclipse.jetty.server.Server.doStart()_379: Started @18970ms
2018-08-15T10:19:26.461+0800 | INFO  | N/A | N/A | main | org.springframework.boot.StartupInfoLogger.logStarting()_48: Starting Application v1.0-SNAPSHOT on dev13.ocean.douyu.com with PID 482 (/opt/ocean-doc/lib/ocean-doc-1.0-SNAPSHOT.jar started by ocean in /)
2018-08-15T10:19:26.466+0800 | INFO  | N/A | N/A | main | org.springframework.boot.SpringApplication.logStartupProfileInfo()_593: No active profile set, falling back to default profiles: default
2018-08-15T10:19:27.465+0800 | INFO  | N/A | N/A | main | org.springframework.context.support.AbstractApplicationContext.prepareRefresh()_583: Refreshing org.springframework.boot.context.embedded.AnnotationConfigEmbeddedWebApplicationContext@4bee18dc: startup date [Wed Aug 15 10:19:27 CST 2018]; root of context hierarchy
2018-08-15T10:19:36.071+0800 | INFO  | N/A | N/A | background-preinit | org.hibernate.validator.internal.util.Version.<clinit>()_30: HV000001: Hibernate Validator 5.3.6.Final
2018-08-15T10:19:46.480+0800 | INFO  | N/A | N/A | main | com.douyu.ocean.spring.boot.shutdown.TomcatShutdownConfig.tomcatGracefulShutdown()_54: init tomcat graceful shutdown
2018-08-15T10:19:47.860+0800 | INFO  | N/A | N/A | main | org.springframework.boot.context.embedded.tomcat.TomcatEmbeddedServletContainer.initialize()_89: Tomcat initialized with port(s): 0 (http)
2018-08-15T10:19:47.884+0800 | INFO  | N/A | N/A | main | org.apache.juli.logging.DirectJDKLog.log()_179: Starting service [Tomcat]
2018-08-15T10:19:47.886+0800 | INFO  | N/A | N/A | main | org.apache.juli.logging.DirectJDKLog.log()_179: Starting Servlet Engine: Apache Tomcat/8.5.23
2018-08-15T10:19:48.755+0800 | INFO  | N/A | N/A | localhost-startStop-1 | org.apache.juli.logging.DirectJDKLog.log()_179: Initializing Spring embedded WebApplicationContext
2018-08-15T10:19:48.756+0800 | INFO  | N/A | N/A | localhost-startStop-1 | org.springframework.boot.context.embedded.EmbeddedWebApplicationContext.prepareEmbeddedWebApplicationContext()_276: Root WebApplicationContext: initialization completed in 21291 ms
2018-08-15T10:19:49.467+0800 | INFO  | N/A | N/A | localhost-startStop-1 | org.springframework.boot.web.servlet.ServletRegistrationBean.onStartup()_190: Mapping servlet: 'dispatcherServlet' to [/]
2018-08-15T10:19:49.473+0800 | INFO  | N/A | N/A | localhost-startStop-1 | org.springframework.boot.web.servlet.AbstractFilterRegistrationBean.configure()_258: Mapping filter: 'characterEncodingFilter' to: [/*]
2018-08-15T10:19:49.474+0800 | INFO  | N/A | N/A | localhost-startStop-1 | org.springframework.boot.web.servlet.AbstractFilterRegistrationBean.configure()_258: Mapping filter: 'hiddenHttpMethodFilter' to: [/*]
2018-08-15T10:19:49.474+0800 | INFO  | N/A | N/A | localhost-startStop-1 | org.springframework.boot.web.servlet.AbstractFilterRegistrationBean.configure()_258: Mapping filter: 'httpPutFormContentFilter' to: [/*]
2018-08-15T10:19:49.475+0800 | INFO  | N/A | N/A | localhost-startStop-1 | org.springframework.boot.web.servlet.AbstractFilterRegistrationBean.configure()_258: Mapping filter: 'requestContextFilter' to: [/*]
2018-08-15T10:19:49.667+0800 | INFO  | N/A | N/A | main | com.douyu.ocean.config.client.PropertiesConfigClient.init()_105: PropertiesConfigClient init.
2018-08-15T10:19:49.688+0800 | INFO  | N/A | N/A | main | com.douyu.ocean.config.manager.ConfigSubscriber.start()_100: ConfigSubscriber start 2018-08-15 10:19:49
2018-08-15T10:19:50.757+0800 | INFO  | N/A | N/A | main | com.douyu.ocean.config.listener.PropertiesConfigListener.processConfigInfo()_27: PropertiesConfigListener  config changed.
2018-08-15T10:19:50.768+0800 | INFO  | N/A | N/A | main | com.douyu.ocean.config.manager.ConfigSubscriber.rotateCheckConfigInfo()_163: start rotateCheckConfigInfo ...
2018-08-15T10:19:50.769+0800 | INFO  | N/A | N/A | main | com.douyu.ocean.config.manager.ConfigManager.<init>()_47: ConfigManager Constructor clientConfigure=ClientConfigure [serverHost=config.ocean.douyu.com, serverPort=8099, serverMethod=/configServer/getConfig, groupCode=ocean, project=ocean-doc, module=doc-conf, filePath=/home/ocean/configcenter, pollingIntervalSec=60]
2018-08-15T10:19:53.565+0800 | INFO  | N/A | N/A | main | org.springframework.web.servlet.mvc.method.annotation.RequestMappingHandlerAdapter.initControllerAdviceCache()_534: Looking for @ControllerAdvice: org.springframework.boot.context.embedded.AnnotationConfigEmbeddedWebApplicationContext@4bee18dc: startup date [Wed Aug 15 10:19:27 CST 2018]; root of context hierarchy
2018-08-15T10:19:54.761+0800 | INFO  | N/A | N/A | main | org.springframework.web.servlet.handler.AbstractHandlerMethodMapping$MappingRegistry.register()_543: Mapped "{[/docs/detail/{id}],methods=[POST]}" onto public com.douyu.ocean.docs.vo.ResultVo<com.douyu.ocean.docs.vo.DocVo> com.douyu.ocean.docs.controller.DocController.POSTtest(java.lang.String,java.lang.String,int) throws java.io.IOException
2018-08-15T10:19:54.763+0800 | INFO  | N/A | N/A | main | org.springframework.web.servlet.handler.AbstractHandlerMethodMapping$MappingRegistry.register()_543: Mapped "{[/docs/detail/{id}],methods=[GET]}" onto public com.douyu.ocean.docs.vo.ResultVo<com.douyu.ocean.docs.vo.DocVo> com.douyu.ocean.docs.controller.DocController.queryDoc(java.lang.String) throws java.io.IOException
2018-08-15T10:19:54.763+0800 | INFO  | N/A | N/A | main | org.springframework.web.servlet.handler.AbstractHandlerMethodMapping$MappingRegistry.register()_543: Mapped "{[/docs/keyword],methods=[GET]}" onto public com.douyu.ocean.docs.vo.ResultVo<com.douyu.ocean.docs.vo.DocCollectionVo> com.douyu.ocean.docs.controller.DocController.queryDocsByKeyword(java.lang.String,int,int)
2018-08-15T10:19:54.764+0800 | INFO  | N/A | N/A | main | org.springframework.web.servlet.handler.AbstractHandlerMethodMapping$MappingRegistry.register()_543: Mapped "{[/docs/content],methods=[GET]}" onto public com.douyu.ocean.docs.vo.ResultVo<com.douyu.ocean.docs.vo.DocCollectionVo> com.douyu.ocean.docs.controller.DocController.queryDocsByContentKeyword(java.lang.String,int,int)
2018-08-15T10:19:54.764+0800 | INFO  | N/A | N/A | main | org.springframework.web.servlet.handler.AbstractHandlerMethodMapping$MappingRegistry.register()_543: Mapped "{[/docs/authorName],methods=[GET]}" onto public com.douyu.ocean.docs.vo.ResultVo<com.douyu.ocean.docs.vo.DocCollectionVo> com.douyu.ocean.docs.controller.DocController.queryDocsByAuthorName(java.lang.String,int,int)
2018-08-15T10:19:54.765+0800 | INFO  | N/A | N/A | main | org.springframework.web.servlet.handler.AbstractHandlerMethodMapping$MappingRegistry.register()_543: Mapped "{[/docs/updaterName],methods=[GET]}" onto public com.douyu.ocean.docs.vo.ResultVo<com.douyu.ocean.docs.vo.DocCollectionVo> com.douyu.ocean.docs.controller.DocController.queryDocsByUpdaterName(java.lang.String,int,int)
2018-08-15T10:19:54.765+0800 | INFO  | N/A | N/A | main | org.springframework.web.servlet.handler.AbstractHandlerMethodMapping$MappingRegistry.register()_543: Mapped "{[/docs/createTime],methods=[GET]}" onto public com.douyu.ocean.docs.vo.ResultVo<com.douyu.ocean.docs.vo.DocCollectionVo> com.douyu.ocean.docs.controller.DocController.queryDocsByCreateTime(java.lang.Long,java.lang.Long,int,int)
2018-08-15T10:19:54.766+0800 | INFO  | N/A | N/A | main | org.springframework.web.servlet.handler.AbstractHandlerMethodMapping$MappingRegistry.register()_543: Mapped "{[/docs/updateTime],methods=[GET]}" onto public com.douyu.ocean.docs.vo.ResultVo<com.douyu.ocean.docs.vo.DocCollectionVo> com.douyu.ocean.docs.controller.DocController.queryDocsByUpdateTime(java.lang.Long,java.lang.Long,int,int)
2018-08-15T10:19:54.766+0800 | INFO  | N/A | N/A | main | org.springframework.web.servlet.handler.AbstractHandlerMethodMapping$MappingRegistry.register()_543: Mapped "{[/docs/docName],methods=[GET]}" onto public com.douyu.ocean.docs.vo.ResultVo<com.douyu.ocean.docs.vo.DocCollectionVo> com.douyu.ocean.docs.controller.DocController.queryDocsByDocName(java.lang.String,int,int)
2018-08-15T10:19:54.767+0800 | INFO  | N/A | N/A | main | org.springframework.web.servlet.handler.AbstractHandlerMethodMapping$MappingRegistry.register()_543: Mapped "{[/docs],methods=[POST]}" onto public com.douyu.ocean.docs.vo.ResultVo<com.douyu.ocean.docs.vo.DocCollectionVo> com.douyu.ocean.docs.controller.DocController.multiMatchQuery(java.lang.String,int,int,java.lang.String,java.lang.String)
2018-08-15T10:19:54.854+0800 | INFO  | N/A | N/A | main | org.springframework.web.servlet.handler.AbstractHandlerMethodMapping$MappingRegistry.register()_543: Mapped "{[/docs/description],methods=[GET]}" onto public com.douyu.ocean.docs.vo.ResultVo<com.douyu.ocean.docs.vo.DocCollectionVo> com.douyu.ocean.docs.controller.DocController.queryDocsByDescription(java.lang.String,int,int)
2018-08-15T10:19:54.855+0800 | INFO  | N/A | N/A | main | org.springframework.web.servlet.handler.AbstractHandlerMethodMapping$MappingRegistry.register()_543: Mapped "{[/docs/add],methods=[POST]}" onto public com.douyu.ocean.docs.vo.ResultVo com.douyu.ocean.docs.controller.DocController.addDoc(java.lang.String,java.lang.String,java.lang.String,java.lang.String,java.lang.String,java.lang.String,java.lang.String,java.lang.String,java.lang.String,java.lang.String,java.lang.String)
2018-08-15T10:19:54.863+0800 | INFO  | N/A | N/A | main | org.springframework.web.servlet.handler.AbstractHandlerMethodMapping$MappingRegistry.register()_543: Mapped "{[/docs/category],methods=[GET]}" onto public com.douyu.ocean.docs.vo.ResultVo<com.douyu.ocean.docs.vo.DocCollectionVo> com.douyu.ocean.docs.controller.DocController.queryDocsByCateId(java.lang.String,int,int)
2018-08-15T10:19:54.866+0800 | INFO  | N/A | N/A | main | org.springframework.web.servlet.handler.AbstractHandlerMethodMapping$MappingRegistry.register()_543: Mapped "{[/error]}" onto public org.springframework.http.ResponseEntity<java.util.Map<java.lang.String, java.lang.Object>> org.springframework.boot.autoconfigure.web.BasicErrorController.error(javax.servlet.http.HttpServletRequest)
2018-08-15T10:19:54.868+0800 | INFO  | N/A | N/A | main | org.springframework.web.servlet.handler.AbstractHandlerMethodMapping$MappingRegistry.register()_543: Mapped "{[/error],produces=[text/html]}" onto public org.springframework.web.servlet.ModelAndView org.springframework.boot.autoconfigure.web.BasicErrorController.errorHtml(javax.servlet.http.HttpServletRequest,javax.servlet.http.HttpServletResponse)
2018-08-15T10:19:55.458+0800 | INFO  | N/A | N/A | main | org.springframework.web.servlet.handler.AbstractUrlHandlerMapping.registerHandler()_362: Mapped URL path [/webjars/**] onto handler of type [class org.springframework.web.servlet.resource.ResourceHttpRequestHandler]
2018-08-15T10:19:55.458+0800 | INFO  | N/A | N/A | main | org.springframework.web.servlet.handler.AbstractUrlHandlerMapping.registerHandler()_362: Mapped URL path [/**] onto handler of type [class org.springframework.web.servlet.resource.ResourceHttpRequestHandler]
2018-08-15T10:19:55.965+0800 | INFO  | N/A | N/A | main | org.springframework.web.servlet.handler.AbstractUrlHandlerMapping.registerHandler()_362: Mapped URL path [/**/favicon.ico] onto handler of type [class org.springframework.web.servlet.resource.ResourceHttpRequestHandler]
2018-08-15T10:19:59.559+0800 | INFO  | N/A | N/A | main | org.springframework.jmx.export.MBeanExporter.afterSingletonsInstantiated()_431: Registering beans for JMX exposure on startup
2018-08-15T10:19:59.866+0800 | INFO  | N/A | N/A | main | org.apache.juli.logging.DirectJDKLog.log()_179: Initializing ProtocolHandler ["http-nio-auto-1"]
2018-08-15T10:20:00.157+0800 | INFO  | N/A | N/A | main | org.apache.juli.logging.DirectJDKLog.log()_179: Starting ProtocolHandler ["http-nio-auto-1"]
2018-08-15T10:20:00.158+0800 | INFO  | N/A | N/A | main | org.apache.juli.logging.DirectJDKLog.log()_179: Using a shared selector for servlet write/read
2018-08-15T10:20:00.659+0800 | INFO  | N/A | N/A | main | org.springframework.boot.context.embedded.tomcat.TomcatEmbeddedServletContainer.start$original$p6d2kpi7()_201: Tomcat started on port(s): 40777 (http)
2018-08-15T10:20:00.859+0800 | INFO  | N/A | N/A | main | org.springframework.boot.StartupInfoLogger.logStarted$original$dKej7h1z()_57: Started Application in 37.365 seconds (JVM running for 59.539)
